<?xml version="1.0" encoding="UTF-8"?>
<TestRun id="4bb821d6-c907-4061-b229-60434e8933da" name="Blah@BLAH-PC 2012-09-22 01:23:16" runUser="Blah-PC\Blah" xmlns="http://microsoft.com/schemas/VisualStudio/TeamTest/2010">
  <TestSettings name="Default Test Settings" id="dd111fbc-671e-41c1-b050-2811f3a142f3">
    <Deployment runDeploymentRoot="Blah_BLAH-PC 2012-09-22 01_23_16">
      <DeploymentItem filename="e:\docs\visual studio 2010\Projects\PowerLog\packages\Microsoft.Net.Http.2.0.20710.0\lib\net40\System.Net.Http.dll" />
      <DeploymentItem filename="e:\docs\visual studio 2010\Projects\PowerLog\packages\Microsoft.Net.Http.2.0.20710.0\lib\net40\System.Net.Http.WebRequest.dll" />
      <DeploymentItem filename="e:\docs\visual studio 2010\Projects\PowerLog\packages\Microsoft.AspNet.WebPages.2.0.20710.0\lib\net40\System.Web.WebPages.Razor.dll" />
      <DeploymentItem filename="e:\docs\visual studio 2010\Projects\PowerLog\packages\Microsoft.AspNet.Mvc.4.0.20710.0\lib\net40\System.Web.Mvc.dll" />
      <DeploymentItem filename="e:\docs\visual studio 2010\Projects\PowerLog\packages\Microsoft.AspNet.WebPages.2.0.20710.0\lib\net40\System.Web.Helpers.dll" />
      <DeploymentItem filename="e:\docs\visual studio 2010\Projects\PowerLog\packages\Newtonsoft.Json.4.5.6\lib\net40\Newtonsoft.Json.dll" />
      <DeploymentItem filename="e:\docs\visual studio 2010\Projects\PowerLog\packages\Microsoft.AspNet.WebPages.2.0.20710.0\lib\net40\System.Web.WebPages.Deployment.dll" />
      <DeploymentItem filename="e:\docs\visual studio 2010\Projects\PowerLog\packages\Microsoft.AspNet.Razor.2.0.20710.0\lib\net40\System.Web.Razor.dll" />
      <DeploymentItem filename="e:\docs\visual studio 2010\Projects\PowerLog\packages\Microsoft.AspNet.WebApi.Core.4.0.20710.0\lib\net40\System.Web.Http.dll" />
      <DeploymentItem filename="e:\docs\visual studio 2010\Projects\PowerLog\packages\Microsoft.AspNet.WebApi.Client.4.0.20710.0\lib\net40\System.Net.Http.Formatting.dll" />
      <DeploymentItem filename="e:\docs\visual studio 2010\Projects\PowerLog\packages\Microsoft.Web.Infrastructure.1.0.0.0\lib\net40\Microsoft.Web.Infrastructure.dll" />
      <DeploymentItem filename="e:\docs\visual studio 2010\Projects\PowerLog\packages\Microsoft.AspNet.WebApi.WebHost.4.0.20710.0\lib\net40\System.Web.Http.WebHost.dll" />
      <DeploymentItem filename="e:\docs\visual studio 2010\Projects\PowerLog\packages\Sprache.1.10.0.11\lib\net40\Sprache.dll" />
      <DeploymentItem filename="e:\docs\visual studio 2010\Projects\PowerLog\packages\Microsoft.AspNet.WebPages.2.0.20710.0\lib\net40\System.Web.WebPages.dll" />
      <DeploymentItem filename="e:\docs\visual studio 2010\Projects\PowerLog\PowerLog\bin\PowerLog.dll" />
    </Deployment>
    <Execution>
      <TestTypeSpecific />
      <AgentRule name="Execution Agents">
      </AgentRule>
    </Execution>
  </TestSettings>
  <Times creation="2012-09-22T01:23:16.4100919+02:00" queuing="2012-09-22T01:23:29.0698160+02:00" start="2012-09-22T01:23:29.2418259+02:00" finish="2012-09-22T01:23:32.3530038+02:00" />
  <ResultSummary outcome="Warning">
    <Counters total="1" executed="1" passed="1" error="0" failed="0" timeout="0" aborted="0" inconclusive="0" passedButRunAborted="0" notRunnable="0" notExecuted="0" disconnected="0" warning="0" completed="0" inProgress="0" pending="0" />
    <RunInfos>
      <RunInfo computerName="BLAH-PC" outcome="Warning" timestamp="2012-09-22T01:23:17.0011257+02:00">
        <Text>Warning: Test Run deployment issue: The assembly or module 'log4net' directly or indirectly referenced by the test container 'e:\docs\visual studio 2010\projects\powerlog\powerlog.tests\bin\debug\powerlog.tests.dll' was not found.</Text>
      </RunInfo>
      <RunInfo computerName="BLAH-PC" outcome="Warning" timestamp="2012-09-22T01:23:17.0011257+02:00">
        <Text>Warning: Test Run deployment issue: The assembly or module 'Org.Mentalis.Security.Cryptography' directly or indirectly referenced by the test container 'e:\docs\visual studio 2010\projects\powerlog\powerlog.tests\bin\debug\powerlog.tests.dll' was not found.</Text>
      </RunInfo>
    </RunInfos>
  </ResultSummary>
  <TestDefinitions>
    <UnitTest name="FailToParseANumberBecauseItHasTextInIt" storage="e:\docs\visual studio 2010\projects\powerlog\powerlog.tests\bin\debug\powerlog.tests.dll" id="65c61f92-4fc7-df62-c534-05c596602c18">
      <Execution id="5489e2d7-e75d-4ac5-860a-9f607d7883d0" />
      <TestMethod codeBase="e:/docs/visual studio 2010/Projects/PowerLog/PowerLog.Tests/bin/Debug/PowerLog.Tests.DLL" adapterTypeName="Microsoft.VisualStudio.TestTools.TestTypes.Unit.UnitTestAdapter, Microsoft.VisualStudio.QualityTools.Tips.UnitTest.Adapter, Version=10.0.0.0, Culture=neutral, PublicKeyToken=b03f5f7f11d50a3a" className="PowerLog.Tests.Controllers.HomeControllerTest, PowerLog.Tests, Version=1.0.0.0, Culture=neutral, PublicKeyToken=null" name="FailToParseANumberBecauseItHasTextInIt" />
    </UnitTest>
  </TestDefinitions>
  <TestLists>
    <TestList name="Results Not in a List" id="8c84fa94-04c1-424b-9868-57a2d4851a1d" />
    <TestList name="All Loaded Results" id="19431567-8539-422a-85d7-44ee4e166bda" />
  </TestLists>
  <TestEntries>
    <TestEntry testId="65c61f92-4fc7-df62-c534-05c596602c18" executionId="5489e2d7-e75d-4ac5-860a-9f607d7883d0" testListId="8c84fa94-04c1-424b-9868-57a2d4851a1d" />
  </TestEntries>
  <Results>
    <UnitTestResult executionId="5489e2d7-e75d-4ac5-860a-9f607d7883d0" testId="65c61f92-4fc7-df62-c534-05c596602c18" testName="FailToParseANumberBecauseItHasTextInIt" computerName="BLAH-PC" duration="00:00:00.4151081" startTime="2012-09-22T01:23:29.3488320+02:00" endTime="2012-09-22T01:23:32.1799939+02:00" testType="13cdc9d9-ddb5-4fa4-a97d-d965ccfc6d4b" outcome="Passed" testListId="8c84fa94-04c1-424b-9868-57a2d4851a1d" relativeResultsDirectory="5489e2d7-e75d-4ac5-860a-9f607d7883d0">
    </UnitTestResult>
  </Results>
</TestRun>