<?xml version="1.0" encoding="UTF-8"?>
<TestRun id="8561781d-beee-4210-84b1-dee91c054d83" name="Blah@BLAH-PC 2012-09-22 23:23:01" runUser="Blah-PC\Blah" xmlns="http://microsoft.com/schemas/VisualStudio/TeamTest/2010">
  <TestSettings name="Default Test Settings" id="1b13aeec-a96b-4daf-b859-e0e8da495df6">
    <Deployment userDeploymentRoot="e:\docs\visual studio 2010\Projects\PowerLog\TestResults" useDefaultDeploymentRoot="false" runDeploymentRoot="Blah_BLAH-PC 2012-09-22 23_23_01">
      <DeploymentItem filename="e:\docs\visual studio 2010\Projects\PowerLog\PowerLog\bin\PowerLog.dll" />
      <DeploymentItem filename="e:\docs\visual studio 2010\Projects\PowerLog\packages\Microsoft.Net.Http.2.0.20710.0\lib\net40\System.Net.Http.WebRequest.dll" />
      <DeploymentItem filename="e:\docs\visual studio 2010\Projects\PowerLog\packages\Microsoft.AspNet.WebPages.2.0.20710.0\lib\net40\System.Web.WebPages.Deployment.dll" />
      <DeploymentItem filename="e:\docs\visual studio 2010\Projects\PowerLog\packages\Microsoft.AspNet.WebPages.2.0.20710.0\lib\net40\System.Web.Helpers.dll" />
      <DeploymentItem filename="e:\docs\visual studio 2010\Projects\PowerLog\packages\Microsoft.AspNet.Mvc.4.0.20710.0\lib\net40\System.Web.Mvc.dll" />
      <DeploymentItem filename="e:\docs\visual studio 2010\Projects\PowerLog\packages\Microsoft.AspNet.WebPages.2.0.20710.0\lib\net40\System.Web.WebPages.Razor.dll" />
      <DeploymentItem filename="e:\docs\visual studio 2010\Projects\PowerLog\PowerLog.Parser\bin\Debug\PowerLog.Parser.dll" />
      <DeploymentItem filename="e:\docs\visual studio 2010\Projects\PowerLog\packages\Microsoft.Web.Infrastructure.1.0.0.0\lib\net40\Microsoft.Web.Infrastructure.dll" />
      <DeploymentItem filename="e:\docs\visual studio 2010\Projects\PowerLog\packages\Newtonsoft.Json.4.5.6\lib\net40\Newtonsoft.Json.dll" />
      <DeploymentItem filename="e:\docs\visual studio 2010\Projects\PowerLog\packages\Microsoft.AspNet.WebApi.Client.4.0.20710.0\lib\net40\System.Net.Http.Formatting.dll" />
      <DeploymentItem filename="e:\docs\visual studio 2010\Projects\PowerLog\packages\Microsoft.AspNet.WebApi.WebHost.4.0.20710.0\lib\net40\System.Web.Http.WebHost.dll" />
      <DeploymentItem filename="e:\docs\visual studio 2010\Projects\PowerLog\packages\Microsoft.Net.Http.2.0.20710.0\lib\net40\System.Net.Http.dll" />
      <DeploymentItem filename="e:\docs\visual studio 2010\Projects\PowerLog\packages\Microsoft.AspNet.Razor.2.0.20710.0\lib\net40\System.Web.Razor.dll" />
      <DeploymentItem filename="e:\docs\visual studio 2010\Projects\PowerLog\packages\Sprache.1.10.0.11\lib\net40\Sprache.dll" />
      <DeploymentItem filename="e:\docs\visual studio 2010\Projects\PowerLog\packages\Microsoft.AspNet.WebApi.Core.4.0.20710.0\lib\net40\System.Web.Http.dll" />
      <DeploymentItem filename="e:\docs\visual studio 2010\Projects\PowerLog\packages\Microsoft.AspNet.WebPages.2.0.20710.0\lib\net40\System.Web.WebPages.dll" />
    </Deployment>
    <Execution>
      <TestTypeSpecific />
      <AgentRule name="Execution Agents">
      </AgentRule>
    </Execution>
  </TestSettings>
  <Times creation="2012-09-22T23:23:01.2272044+02:00" queuing="2012-09-22T23:23:02.3982714+02:00" start="2012-09-22T23:23:02.4432740+02:00" finish="2012-09-22T23:23:03.0553090+02:00" />
  <ResultSummary outcome="Warning">
    <Counters total="2" executed="2" passed="2" error="0" failed="0" timeout="0" aborted="0" inconclusive="0" passedButRunAborted="0" notRunnable="0" notExecuted="0" disconnected="0" warning="0" completed="0" inProgress="0" pending="0" />
    <RunInfos>
      <RunInfo computerName="BLAH-PC" outcome="Warning" timestamp="2012-09-22T23:23:02.3982714+02:00">
        <Text>Warning: Test Run deployment issue: The assembly or module 'log4net' directly or indirectly referenced by the test container 'e:\docs\visual studio 2010\projects\powerlog\powerlog.tests\bin\debug\powerlog.tests.dll' was not found.</Text>
      </RunInfo>
      <RunInfo computerName="BLAH-PC" outcome="Warning" timestamp="2012-09-22T23:23:02.3982714+02:00">
        <Text>Warning: Test Run deployment issue: The assembly or module 'Org.Mentalis.Security.Cryptography' directly or indirectly referenced by the test container 'e:\docs\visual studio 2010\projects\powerlog\powerlog.tests\bin\debug\powerlog.tests.dll' was not found.</Text>
      </RunInfo>
    </RunInfos>
  </ResultSummary>
  <TestDefinitions>
    <UnitTest name="FailToParseAThreeDigitNumberBecauseItIsTooShort" storage="e:\docs\visual studio 2010\projects\powerlog\powerlog.tests\bin\debug\powerlog.tests.dll" id="52aaff38-a18c-90b2-65f1-42aa1b20c0c0">
      <Execution id="30294455-60bf-4465-952b-52cafa81f7b0" />
      <TestMethod codeBase="e:/docs/visual studio 2010/Projects/PowerLog/PowerLog.Tests/bin/Debug/PowerLog.Tests.DLL" adapterTypeName="Microsoft.VisualStudio.TestTools.TestTypes.Unit.UnitTestAdapter, Microsoft.VisualStudio.QualityTools.Tips.UnitTest.Adapter, Version=10.0.0.0, Culture=neutral, PublicKeyToken=b03f5f7f11d50a3a" className="PowerLog.Tests.Parsers.PowerParserTest, PowerLog.Tests, Version=1.0.0.0, Culture=neutral, PublicKeyToken=null" name="FailToParseAThreeDigitNumberBecauseItIsTooShort" />
    </UnitTest>
    <UnitTest name="ParseJustThreeNumbers" storage="e:\docs\visual studio 2010\projects\powerlog\powerlog.tests\bin\debug\powerlog.tests.dll" id="2e4e81e3-e0ba-f6b5-07a1-243a351f05bf">
      <Execution id="e03dbaca-1893-4f3b-822c-4e38332cbd66" />
      <TestMethod codeBase="e:/docs/visual studio 2010/Projects/PowerLog/PowerLog.Tests/bin/Debug/PowerLog.Tests.DLL" adapterTypeName="Microsoft.VisualStudio.TestTools.TestTypes.Unit.UnitTestAdapter, Microsoft.VisualStudio.QualityTools.Tips.UnitTest.Adapter, Version=10.0.0.0, Culture=neutral, PublicKeyToken=b03f5f7f11d50a3a" className="PowerLog.Tests.Parsers.PowerParserTest, PowerLog.Tests, Version=1.0.0.0, Culture=neutral, PublicKeyToken=null" name="ParseJustThreeNumbers" />
    </UnitTest>
  </TestDefinitions>
  <TestLists>
    <TestList name="Results Not in a List" id="8c84fa94-04c1-424b-9868-57a2d4851a1d" />
    <TestList name="All Loaded Results" id="19431567-8539-422a-85d7-44ee4e166bda" />
  </TestLists>
  <TestEntries>
    <TestEntry testId="52aaff38-a18c-90b2-65f1-42aa1b20c0c0" executionId="30294455-60bf-4465-952b-52cafa81f7b0" testListId="8c84fa94-04c1-424b-9868-57a2d4851a1d" />
    <TestEntry testId="2e4e81e3-e0ba-f6b5-07a1-243a351f05bf" executionId="e03dbaca-1893-4f3b-822c-4e38332cbd66" testListId="8c84fa94-04c1-424b-9868-57a2d4851a1d" />
  </TestEntries>
  <Results>
    <UnitTestResult executionId="30294455-60bf-4465-952b-52cafa81f7b0" testId="52aaff38-a18c-90b2-65f1-42aa1b20c0c0" testName="FailToParseAThreeDigitNumberBecauseItIsTooShort" computerName="BLAH-PC" duration="00:00:00.0873823" startTime="2012-09-22T23:23:02.4772759+02:00" endTime="2012-09-22T23:23:02.9313019+02:00" testType="13cdc9d9-ddb5-4fa4-a97d-d965ccfc6d4b" outcome="Passed" testListId="8c84fa94-04c1-424b-9868-57a2d4851a1d" relativeResultsDirectory="30294455-60bf-4465-952b-52cafa81f7b0">
    </UnitTestResult>
    <UnitTestResult executionId="e03dbaca-1893-4f3b-822c-4e38332cbd66" testId="2e4e81e3-e0ba-f6b5-07a1-243a351f05bf" testName="ParseJustThreeNumbers" computerName="BLAH-PC" duration="00:00:00.0169658" startTime="2012-09-22T23:23:02.9333020+02:00" endTime="2012-09-22T23:23:02.9653038+02:00" testType="13cdc9d9-ddb5-4fa4-a97d-d965ccfc6d4b" outcome="Passed" testListId="8c84fa94-04c1-424b-9868-57a2d4851a1d" relativeResultsDirectory="e03dbaca-1893-4f3b-822c-4e38332cbd66">
    </UnitTestResult>
  </Results>
</TestRun>